<?xml version="1.0" encoding="UTF-8"?>
<!-- Generated by org.testng.reporters.JUnitReportReporter -->
<testsuite skipped="0" hostname="DESKTOP-8FDCMHT" name="com.datadriven.DataDrivenTest" tests="4" failures="0" timestamp="2022-04-06T17:56:59 IST" time="85.486" errors="0">
  <testcase name="RegistrationPageTest" time="27.365" classname="com.datadriven.DataDrivenTest"/>
  <system-out/>
  <testcase name="RegistrationPageTest" time="14.591" classname="com.datadriven.DataDrivenTest"/>
  <system-out/>
  <testcase name="RegistrationPageTest" time="16.883" classname="com.datadriven.DataDrivenTest"/>
  <system-out/>
  <testcase name="RegistrationPageTest" time="26.647" classname="com.datadriven.DataDrivenTest"/>
  <system-out/>
</testsuite> <!-- com.datadriven.DataDrivenTest -->
